localhost PostmanRuntime/7.32.2 $athun [2023-05-03T21:04:37.662Z] "GET /admin/Professors http/1.1" 200 0
localhost PostmanRuntime/7.32.2 $athun [2023-05-03T21:04:40.062Z] "POST /admin/Professor/ http/1.1" 500 264
localhost PostmanRuntime/7.32.2 $athun [2023-05-03T21:04:42.502Z] "GET /admin/Professor/64482e91811859154579de9a http/1.1" 404 0
localhost PostmanRuntime/7.32.2 $athun [2023-05-03T21:04:44.595Z] "PUT /admin/Professor/64482e91811859154579de9a http/1.1" 404 233
localhost PostmanRuntime/7.32.2 $athun [2023-05-03T21:04:47.222Z] "POST /admin/manager http/1.1" 201 161
localhost PostmanRuntime/7.32.2 $athun [2023-05-03T21:04:50.104Z] "GET /admin/managers http/1.1" 200 0
localhost PostmanRuntime/7.32.2 $athun [2023-05-03T21:04:54.763Z] "POST /course http/1.1" 400 159
localhost PostmanRuntime/7.32.2 $athun [2023-05-03T21:04:56.514Z] "GET /course/64527ac0f4410eea50841846 http/1.1" 404 0
localhost Mozilla/5.0 (Windows NT 10.0; Win64; x64; rv:109.0) Gecko/20100101 Firefox/112.0 $athun [2023-05-03T21:06:11.533Z] "GET /admin/managers http/1.1" 200 0
localhost PostmanRuntime/7.32.2 $athun [2023-05-04T09:18:47.040Z] "POST /login http/1.1" 400 0
localhost PostmanRuntime/7.32.2 $athun [2023-05-04T09:19:20.853Z] "POST /login http/1.1" 200 51
localhost PostmanRuntime/7.32.2 $athun [2023-05-04T09:20:33.225Z] "POST /login http/1.1" 200 51
localhost PostmanRuntime/7.32.2 $athun [2023-05-04T09:26:41.862Z] "POST /login http/1.1" 404 51
localhost PostmanRuntime/7.32.2 $athun [2023-05-04T09:28:29.172Z] "POST /login http/1.1" 400 47
localhost PostmanRuntime/7.32.2 $athun [2023-05-04T09:28:36.660Z] "POST /login http/1.1" 400 54
localhost PostmanRuntime/7.32.2 $athun [2023-05-04T09:29:03.530Z] "POST /admin/student http/1.1" 201 287
localhost PostmanRuntime/7.32.2 $athun [2023-05-04T09:29:19.516Z] "POST /login http/1.1" 400 54
localhost PostmanRuntime/7.32.2 $athun [2023-05-04T09:29:23.912Z] "POST /login http/1.1" 200 53
localhost PostmanRuntime/7.32.2 $athun [2023-05-04T10:05:21.455Z] "POST /login http/1.1" 200 53
localhost PostmanRuntime/7.32.2 $athun [2023-05-04T10:06:53.575Z] "POST /login http/1.1" 200 53
localhost PostmanRuntime/7.32.2 $athun [2023-05-04T10:07:51.331Z] "POST /login http/1.1" 200 53
localhost PostmanRuntime/7.32.2 $athun [2023-05-04T10:09:34.288Z] "POST /login http/1.1" 200 53
localhost PostmanRuntime/7.32.2 $athun [2023-05-04T10:09:54.616Z] "POST /login http/1.1" 200 53
localhost PostmanRuntime/7.32.2 $athun [2023-05-04T11:16:18.923Z] "POST /login http/1.1" 200 51
localhost PostmanRuntime/7.32.2 $athun [2023-05-04T11:19:52.855Z] "POST /login http/1.1" 200 51
localhost PostmanRuntime/7.32.2 $athun [2023-05-04T11:21:17.988Z] "PUT /admin/Professor/64482e91811859154579de9a http/1.1" 404 233
localhost PostmanRuntime/7.32.2 $athun [2023-05-04T11:23:59.144Z] "PUT /admin/Professor/64482e91811859154579de9a http/1.1" 404 233
localhost PostmanRuntime/7.32.2 $athun [2023-05-04T11:25:04.109Z] "PUT /admin/Professor/64482e91811859154579de9a http/1.1" 404 233
localhost PostmanRuntime/7.32.2 $athun [2023-05-04T11:51:43.088Z] "POST /admin/role http/1.1" 201 25
localhost PostmanRuntime/7.32.2 $athun [2023-05-04T11:53:00.589Z] "DELETE /admin/role/64539c4fd2e541f0896f3b54 http/1.1" 200 0
localhost PostmanRuntime/7.32.2 $athun [2023-05-04T11:53:59.359Z] "PUT /admin/role http/1.1" 404 25
localhost PostmanRuntime/7.32.2 $athun [2023-05-04T11:54:21.973Z] "PUT /admin/role/64539c4fd2e541f0896f3b54 http/1.1" 404 25
localhost PostmanRuntime/7.32.2 $athun [2023-05-04T12:02:19.127Z] "GET /admin/role http/1.1" 404 0
localhost PostmanRuntime/7.32.2 $athun [2023-05-04T12:02:25.059Z] "GET /admin/roles http/1.1" 200 0
localhost PostmanRuntime/7.32.2 $athun [2023-05-04T12:02:31.648Z] "POST /admin/role http/1.1" 201 25
localhost PostmanRuntime/7.32.2 $athun [2023-05-04T12:02:34.808Z] "GET /admin/roles http/1.1" 200 0
localhost PostmanRuntime/7.32.2 $athun [2023-05-04T12:02:48.929Z] "POST /admin/role http/1.1" 201 27
localhost PostmanRuntime/7.32.2 $athun [2023-05-04T12:02:52.302Z] "GET /admin/roles http/1.1" 200 0
localhost PostmanRuntime/7.32.2 $athun [2023-05-04T12:03:45.150Z] "POST /admin/role http/1.1" 500 23
localhost PostmanRuntime/7.32.2 $athun [2023-05-04T12:04:54.748Z] "POST /admin/role http/1.1" 201 23
localhost PostmanRuntime/7.32.2 $athun [2023-05-04T12:05:03.665Z] "DELETE /admin/role/64539f66176749541fba974a http/1.1" 200 0
localhost PostmanRuntime/7.32.2 $athun [2023-05-04T12:05:30.846Z] "GET /admin/role/64539f66176749541fba974a http/1.1" 404 0
localhost PostmanRuntime/7.32.2 $athun [2023-05-04T12:05:40.367Z] "GET /admin/role/64539ed7967bd2f7f4487c40 http/1.1" 200 0
localhost PostmanRuntime/7.32.2 $athun [2023-05-04T12:05:46.645Z] "GET /admin/roles http/1.1" 200 0
localhost PostmanRuntime/7.32.2 $athun [2023-05-04T12:05:56.354Z] "POST /admin/role http/1.1" 201 29
localhost PostmanRuntime/7.32.2 $athun [2023-05-04T12:06:06.653Z] "POST /admin/role http/1.1" 201 31
localhost PostmanRuntime/7.32.2 $athun [2023-05-04T12:15:47.190Z] "POST /admin/student http/1.1" 201 287
localhost PostmanRuntime/7.32.2 $athun [2023-05-04T12:21:40.705Z] "POST /admin/student http/1.1" 201 288
localhost PostmanRuntime/7.32.2 $athun [2023-05-04T12:21:58.531Z] "GET /admin/roles http/1.1" 200 0
localhost PostmanRuntime/7.32.2 $athun [2023-05-04T12:43:38.328Z] "POST /admin http/1.1" 404 25
localhost PostmanRuntime/7.32.2 $athun [2023-05-04T12:45:51.154Z] "POST /admin http/1.1" 400 25
localhost PostmanRuntime/7.32.2 $athun [2023-05-04T12:47:17.399Z] "POST /admin http/1.1" 201 135
localhost PostmanRuntime/7.32.2 $athun [2023-05-04T12:59:11.616Z] "POST /admin http/1.1" 201 133
localhost PostmanRuntime/7.32.2 $athun [2023-05-04T13:04:24.522Z] "POST /admin/6453a955c0aada6d676cec52 http/1.1" 404 133
localhost PostmanRuntime/7.32.2 $athun [2023-05-04T13:05:15.206Z] "POST /admin/6453a955c0aada6d676cec52 http/1.1" 404 133
localhost PostmanRuntime/7.32.2 $athun [2023-05-04T13:05:29.214Z] "POST /admin/6453a955c0aada6d676cec52 http/1.1" 404 0
localhost PostmanRuntime/7.32.2 $athun [2023-05-04T13:05:42.218Z] "DELETE /admin/ http/1.1" 404 0
localhost PostmanRuntime/7.32.2 $athun [2023-05-04T13:05:46.078Z] "POST /admin/6453a955c0aada6d676cec52 http/1.1" 404 133
localhost PostmanRuntime/7.32.2 $athun [2023-05-04T13:06:06.719Z] "DELETE /admin/6453a955c0aada6d676cec52 http/1.1" 200 0
localhost PostmanRuntime/7.32.2 $athun [2023-05-04T14:55:52.386Z] "POST /login http/1.1" 200 51
localhost PostmanRuntime/7.32.2 $athun [2023-05-04T14:56:53.225Z] "POST /login http/1.1" 200 51
localhost PostmanRuntime/7.32.2 $athun [2023-05-04T14:57:21.395Z] "POST /login http/1.1" 200 51
localhost PostmanRuntime/7.32.2 $athun [2023-05-04T16:11:49.942Z] "POST /admin/student http/1.1" 500 288
localhost PostmanRuntime/7.32.2 $athun [2023-05-04T16:27:55.073Z] "POST /admin/student http/1.1" 401 288
localhost PostmanRuntime/7.32.2 $athun [2023-05-04T16:28:19.612Z] "POST /login http/1.1" 200 51
localhost PostmanRuntime/7.32.2 $athun [2023-05-04T16:29:36.771Z] "POST /admin/student http/1.1" 401 288
localhost PostmanRuntime/7.32.2 $athun [2023-05-04T16:31:17.482Z] "POST /admin/student http/1.1" 500 288
localhost PostmanRuntime/7.32.2 $athun [2023-05-04T16:48:48.182Z] "POST /admin/student http/1.1" 201 288
localhost PostmanRuntime/7.32.2 $athun [2023-05-04T16:49:07.710Z] "POST /login http/1.1" 200 51
localhost PostmanRuntime/7.32.2 $athun [2023-05-04T16:49:43.079Z] "POST /admin/student http/1.1" 500 288
localhost PostmanRuntime/7.32.2 $athun [2023-05-04T16:49:56.481Z] "POST /admin/student http/1.1" 500 288
localhost PostmanRuntime/7.32.2 $athun [2023-05-04T16:50:22.660Z] "POST /admin/student http/1.1" 500 288
localhost PostmanRuntime/7.32.2 $athun [2023-05-04T16:54:56.078Z] "POST /login http/1.1" 200 51
localhost PostmanRuntime/7.32.2 $athun [2023-05-04T16:55:10.327Z] "POST /admin/student http/1.1" 500 288
localhost PostmanRuntime/7.32.2 $athun [2023-05-04T16:55:22.007Z] "POST /admin/student http/1.1" 500 288
localhost PostmanRuntime/7.32.2 $athun [2023-05-04T17:07:28.319Z] "POST /admin/student http/1.1" 500 288
localhost PostmanRuntime/7.32.2 $athun [2023-05-04T17:07:35.131Z] "POST /login http/1.1" 200 51
localhost PostmanRuntime/7.32.2 $athun [2023-05-04T17:07:48.329Z] "POST /admin/student http/1.1" 500 288
localhost PostmanRuntime/7.32.2 $athun [2023-05-04T17:13:13.737Z] "POST /admin/student http/1.1" 403 288
localhost PostmanRuntime/7.32.2 $athun [2023-05-04T17:13:21.658Z] "POST /admin/student http/1.1" 403 288
localhost PostmanRuntime/7.32.2 $athun [2023-05-04T17:13:58.361Z] "POST /admin/student http/1.1" 401 288
localhost PostmanRuntime/7.32.2 $athun [2023-05-04T17:14:17.922Z] "POST /admin/student http/1.1" 401 288
localhost PostmanRuntime/7.32.2 $athun [2023-05-04T17:17:47.538Z] "POST /admin/student http/1.1" 401 288
localhost PostmanRuntime/7.32.2 $athun [2023-05-04T17:17:50.813Z] "POST /admin/student http/1.1" 401 288
localhost PostmanRuntime/7.32.2 $athun [2023-05-04T17:18:08.549Z] "POST /admin/student http/1.1" 401 288
localhost PostmanRuntime/7.32.2 $athun [2023-05-04T17:18:17.932Z] "POST /admin/student http/1.1" 401 288
localhost PostmanRuntime/7.32.2 $athun [2023-05-04T17:20:37.170Z] "POST /admin/student http/1.1" 500 288
localhost PostmanRuntime/7.32.2 $athun [2023-05-04T17:20:55.497Z] "POST /admin/student http/1.1" 500 288
localhost PostmanRuntime/7.32.2 $athun [2023-05-04T18:24:18.844Z] "POST /login http/1.1" 200 51
localhost PostmanRuntime/7.32.2 $athun [2023-05-04T18:24:30.808Z] "POST /admin/student http/1.1" 500 288
localhost PostmanRuntime/7.32.2 $athun [2023-05-04T18:24:56.074Z] "POST /admin/student http/1.1" 500 288
localhost PostmanRuntime/7.32.2 $athun [2023-05-04T18:25:50.724Z] "POST /login http/1.1" 200 51
localhost PostmanRuntime/7.32.2 $athun [2023-05-04T18:26:00.725Z] "POST /admin/student http/1.1" 500 288
localhost PostmanRuntime/7.32.2 $athun [2023-05-04T18:26:34.150Z] "POST /admin/student http/1.1" 500 288
localhost PostmanRuntime/7.32.2 $athun [2023-05-05T07:11:56.755Z] "POST /admin/student http/1.1" 403 288
localhost PostmanRuntime/7.32.2 $athun [2023-05-10T14:38:49.627Z] "GET /course http/1.1" 404 0
localhost PostmanRuntime/7.32.2 $athun [2023-05-10T14:38:59.167Z] "GET /course http/1.1" 404 0
localhost PostmanRuntime/7.32.2 $athun [2023-05-10T14:39:06.815Z] "GET /course http/1.1" 404 0
localhost PostmanRuntime/7.32.2 $athun [2023-05-10T14:40:23.414Z] "GET /course http/1.1" 404 0
localhost PostmanRuntime/7.32.2 $athun [2023-05-10T14:41:31.152Z] "GET /courses http/1.1" 401 0
localhost PostmanRuntime/7.32.2 $athun [2023-05-10T14:42:30.566Z] "POST /login http/1.1" 200 51
localhost PostmanRuntime/7.32.2 $athun [2023-05-10T14:42:50.538Z] "POST /login http/1.1" 200 46
localhost PostmanRuntime/7.32.2 $athun [2023-05-10T14:43:24.207Z] "GET /courses http/1.1" 403 0
localhost PostmanRuntime/7.32.2 $athun [2023-05-10T14:43:38.203Z] "GET /courses http/1.1" 403 0
localhost PostmanRuntime/7.32.2 $athun [2023-05-10T14:44:16.843Z] "POST /admin/manager http/1.1" 500 161
localhost PostmanRuntime/7.32.2 $athun [2023-05-10T14:44:36.074Z] "POST /admin/manager http/1.1" 201 160
localhost PostmanRuntime/7.32.2 $athun [2023-05-10T14:44:45.323Z] "POST /login http/1.1" 404 46
localhost PostmanRuntime/7.32.2 $athun [2023-05-10T14:44:53.819Z] "POST /login http/1.1" 200 46
localhost PostmanRuntime/7.32.2 $athun [2023-05-10T14:45:16.305Z] "GET /courses http/1.1" 200 0
localhost PostmanRuntime/7.32.2 $athun [2023-05-10T14:46:01.957Z] "PUT /admin/student http/1.1" 404 65
localhost PostmanRuntime/7.32.2 $athun [2023-05-10T14:54:57.766Z] "PUT /admin/student http/1.1" 404 65
localhost PostmanRuntime/7.32.2 $athun [2023-05-10T14:54:58.600Z] "PUT /admin/student http/1.1" 404 65
localhost PostmanRuntime/7.32.2 $athun [2023-05-10T14:55:34.608Z] "PUT /admin/student/6453e1f0b31192815c1ae408 http/1.1" 401 65
localhost PostmanRuntime/7.32.2 $athun [2023-05-10T14:55:50.999Z] "PUT /admin/student/6453e1f0b31192815c1ae408 http/1.1" 403 65
localhost PostmanRuntime/7.32.2 $athun [2023-05-10T14:56:03.217Z] "POST /login http/1.1" 404 45
localhost PostmanRuntime/7.32.2 $athun [2023-05-10T14:56:25.259Z] "POST /login http/1.1" 200 46
localhost PostmanRuntime/7.32.2 $athun [2023-05-10T14:56:37.134Z] "PUT /admin/student/6453e1f0b31192815c1ae408 http/1.1" 200 65
localhost PostmanRuntime/7.32.2 $athun [2023-05-10T14:58:40.351Z] "PUT /admin/student/6453e1f0b31192815c1ae408 http/1.1" 200 65
localhost PostmanRuntime/7.32.2 $athun [2023-05-10T14:58:59.199Z] "PUT /admin/student/6453e1f0b31192815c1ae408 http/1.1" 200 102
localhost PostmanRuntime/7.32.2 $athun [2023-05-10T15:37:59.294Z] "POST /login http/1.1" 404 46
localhost PostmanRuntime/7.32.2 $athun [2023-05-10T15:38:00.180Z] "POST /login http/1.1" 404 46
localhost PostmanRuntime/7.32.2 $athun [2023-05-10T15:38:01.188Z] "POST /login http/1.1" 404 46
localhost PostmanRuntime/7.32.2 $athun [2023-05-10T15:46:53.457Z] "GET /login http/1.1" 404 46
localhost PostmanRuntime/7.32.2 $athun [2023-05-10T15:46:59.517Z] "GET /login http/1.1" 404 46
localhost PostmanRuntime/7.32.2 $athun [2023-05-10T15:47:15.134Z] "GET /login http/1.1" 404 46
localhost PostmanRuntime/7.32.2 $athun [2023-05-10T15:47:21.645Z] "POST /login http/1.1" 404 46
